[07-Feb-2022 19:39:13 UTC] PHP Fatal error:  Uncaught Error: Class "Dotenv\Dotenv" not found in /home/docker/src/config/environment.php:3
Stack trace:
#0 /home/docker/index.php(4): require()
#1 {main}
  thrown in /home/docker/src/config/environment.php on line 3
[07-Feb-2022 19:39:31 UTC] PHP Fatal error:  Uncaught Error: Class "Dotenv\Dotenv" not found in /home/docker/src/config/environment.php:3
Stack trace:
#0 /home/docker/index.php(4): require()
#1 {main}
  thrown in /home/docker/src/config/environment.php on line 3
[07-Feb-2022 19:39:43 UTC] PHP Fatal error:  Uncaught Error: Class "Dotenv\Dotenv" not found in /home/docker/src/config/environment.php:3
Stack trace:
#0 /home/docker/index.php(4): require()
#1 {main}
  thrown in /home/docker/src/config/environment.php on line 3
[07-Feb-2022 19:39:52 UTC] PHP Fatal error:  Uncaught Error: Class "Dotenv\Dotenv" not found in /home/docker/src/config/environment.php:3
Stack trace:
#0 /home/docker/index.php(4): require()
#1 {main}
  thrown in /home/docker/src/config/environment.php on line 3
